<?xml version="1.0" encoding="UTF-8"?>
<testsuite name="org.example.CalculatorTest" tests="6" skipped="0" failures="0" errors="0" timestamp="2022-09-21T16:13:50" hostname="BEST-KOMP" time="0.032">
  <properties/>
  <testcase name="Simple multiplication should work" classname="org.example.CalculatorTest" time="0.014"/>
  <testcase name="repetition 1 of 5" classname="org.example.CalculatorTest" time="0.002"/>
  <testcase name="repetition 2 of 5" classname="org.example.CalculatorTest" time="0.001"/>
  <testcase name="repetition 3 of 5" classname="org.example.CalculatorTest" time="0.0"/>
  <testcase name="repetition 4 of 5" classname="org.example.CalculatorTest" time="0.001"/>
  <testcase name="repetition 5 of 5" classname="org.example.CalculatorTest" time="0.001"/>
  <system-out><![CDATA[]]></system-out>
  <system-err><![CDATA[]]></system-err>
</testsuite>
